[0m13:51:11.321565 [debug] [MainThread]: Sending event: {'category': 'dbt', 'action': 'invocation', 'label': 'start', 'context': [<snowplow_tracker.self_describing_json.SelfDescribingJson object at 0x7ce228b1ea80>, <snowplow_tracker.self_describing_json.SelfDescribingJson object at 0x7ce228b1e840>, <snowplow_tracker.self_describing_json.SelfDescribingJson object at 0x7ce2288691f0>]}


============================== 13:51:11.325731 | 45b2b168-2bf7-4a48-aa76-039da52ad4da ==============================
[0m13:51:11.325731 [info ] [MainThread]: Running with dbt=1.10.13
[0m13:51:11.326356 [debug] [MainThread]: running dbt with arguments {'partial_parse': 'True', 'use_colors': 'True', 'invocation_command': 'dbt deps', 'warn_error': 'None', 'cache_selected_only': 'False', 'quiet': 'False', 'target_path': 'None', 'empty': 'None', 'use_experimental_parser': 'False', 'send_anonymous_usage_stats': 'True', 'no_print': 'None', 'write_json': 'True', 'warn_error_options': 'WarnErrorOptionsV2(error=[], warn=[], silence=[])', 'indirect_selection': 'eager', 'static_parser': 'True', 'debug': 'False', 'log_path': 'logs', 'printer_width': '80', 'introspect': 'True', 'version_check': 'True', 'log_format': 'default', 'fail_fast': 'False', 'log_cache_events': 'False', 'profiles_dir': '/app/dbt_project'}
[0m13:51:11.327214 [error] [MainThread]: Encountered an error:
Runtime Error
  No dbt_project.yml found at expected path /app/dbt_project/dbt_project.yml
  Verify that each entry within packages.yml (and their transitive dependencies) contains a file named dbt_project.yml
  
[0m13:51:11.328634 [debug] [MainThread]: Resource report: {"command_name": "deps", "command_success": false, "command_wall_clock_time": 0.08827799, "process_in_blocks": "0", "process_kernel_time": 0.323511, "process_mem_max_rss": "100884", "process_out_blocks": "8", "process_user_time": 1.763137}
[0m13:51:11.329293 [debug] [MainThread]: Command `dbt deps` failed at 13:51:11.329162 after 0.09 seconds
[0m13:51:11.329725 [debug] [MainThread]: Sending event: {'category': 'dbt', 'action': 'invocation', 'label': 'end', 'context': [<snowplow_tracker.self_describing_json.SelfDescribingJson object at 0x7ce228c82a80>, <snowplow_tracker.self_describing_json.SelfDescribingJson object at 0x7ce228b1e840>, <snowplow_tracker.self_describing_json.SelfDescribingJson object at 0x7ce2289f09e0>]}
[0m13:51:11.330255 [debug] [MainThread]: Flushing usage events
[0m13:51:12.402019 [debug] [MainThread]: An error was encountered while trying to flush usage events
[0m13:55:02.485322 [debug] [MainThread]: Sending event: {'category': 'dbt', 'action': 'invocation', 'label': 'start', 'context': [<snowplow_tracker.self_describing_json.SelfDescribingJson object at 0x7f57e3cb9d90>, <snowplow_tracker.self_describing_json.SelfDescribingJson object at 0x7f57e193d970>, <snowplow_tracker.self_describing_json.SelfDescribingJson object at 0x7f57e18b50d0>]}


============================== 13:55:02.489375 | 9d80c8ae-9d05-4ea6-9995-562b37580271 ==============================
[0m13:55:02.489375 [info ] [MainThread]: Running with dbt=1.10.13
[0m13:55:02.489837 [debug] [MainThread]: running dbt with arguments {'indirect_selection': 'eager', 'debug': 'False', 'warn_error': 'None', 'fail_fast': 'False', 'static_parser': 'True', 'quiet': 'False', 'use_colors': 'True', 'use_experimental_parser': 'False', 'log_format': 'default', 'printer_width': '80', 'introspect': 'True', 'partial_parse': 'True', 'log_path': 'logs', 'target_path': 'None', 'profiles_dir': '/app/dbt_project', 'warn_error_options': 'WarnErrorOptionsV2(error=[], warn=[], silence=[])', 'invocation_command': 'dbt init dbt_project', 'send_anonymous_usage_stats': 'True', 'write_json': 'True', 'version_check': 'True', 'empty': 'None', 'cache_selected_only': 'False', 'log_cache_events': 'False', 'no_print': 'None'}
[0m13:55:02.508563 [debug] [MainThread]: Starter project path: /usr/local/lib/python3.12/site-packages/dbt/include/starter_project
[0m13:55:02.511813 [info ] [MainThread]: 
Your new dbt project "dbt_project" was created!

For more information on how to configure the profiles.yml file,
please consult the dbt documentation here:

  https://docs.getdbt.com/docs/configure-your-profile

One more thing:

Need help? Don't hesitate to reach out to us via GitHub issues or on Slack:

  https://community.getdbt.com/

Happy modeling!

[0m13:55:02.512196 [info ] [MainThread]: Setting up your profile.
[0m13:56:20.195788 [error] [MainThread]: Encountered an error:
list index out of range
[0m13:56:20.198617 [error] [MainThread]: Traceback (most recent call last):
  File "/usr/local/lib/python3.12/site-packages/dbt/cli/requires.py", line 178, in wrapper
    result, success = func(*args, **kwargs)
                      ^^^^^^^^^^^^^^^^^^^^^
  File "/usr/local/lib/python3.12/site-packages/dbt/cli/requires.py", line 128, in wrapper
    return func(*args, **kwargs)
           ^^^^^^^^^^^^^^^^^^^^^
  File "/usr/local/lib/python3.12/site-packages/dbt/cli/main.py", line 483, in init
    results = task.run()
              ^^^^^^^^^^
  File "/usr/local/lib/python3.12/site-packages/dbt/task/init.py", line 346, in run
    self.setup_profile(profile_name)
  File "/usr/local/lib/python3.12/site-packages/dbt/task/init.py", line 262, in setup_profile
    self.create_profile_from_target(adapter, profile_name=profile_name)
  File "/usr/local/lib/python3.12/site-packages/dbt/task/init.py", line 179, in create_profile_from_target
    self.create_profile_from_profile_template(profile_template, profile_name)
  File "/usr/local/lib/python3.12/site-packages/dbt/task/init.py", line 163, in create_profile_from_profile_template
    target = self.generate_target_from_input(prompts, initial_target)
             ^^^^^^^^^^^^^^^^^^^^^^^^^^^^^^^^^^^^^^^^^^^^^^^^^^^^^^^^
  File "/usr/local/lib/python3.12/site-packages/dbt/task/init.py", line 114, in generate_target_from_input
    choice = option_list[numeric_choice - 1]
             ~~~~~~~~~~~^^^^^^^^^^^^^^^^^^^^
IndexError: list index out of range

[0m13:56:20.199626 [debug] [MainThread]: Resource report: {"command_name": "init", "command_success": false, "command_wall_clock_time": 77.75483, "process_in_blocks": "10880", "process_kernel_time": 2.367623, "process_mem_max_rss": "370300", "process_out_blocks": "80", "process_user_time": 5.867692}
[0m13:56:20.200359 [debug] [MainThread]: Command `dbt init` failed at 13:56:20.200210 after 77.76 seconds
[0m13:56:20.200698 [debug] [MainThread]: Sending event: {'category': 'dbt', 'action': 'invocation', 'label': 'end', 'context': [<snowplow_tracker.self_describing_json.SelfDescribingJson object at 0x7f57e04265d0>, <snowplow_tracker.self_describing_json.SelfDescribingJson object at 0x7f57b58c0a10>, <snowplow_tracker.self_describing_json.SelfDescribingJson object at 0x7f57b5900590>]}
[0m13:56:20.201013 [debug] [MainThread]: Flushing usage events
[0m13:56:21.144416 [debug] [MainThread]: An error was encountered while trying to flush usage events
